#
# A fatal error has been detected by the Java Runtime Environment:
#
#  SIGSEGV (0xb) at pc=0x0000000102848f78, pid=43462, tid=0x0000000000004b03
#
# JRE version: Java(TM) SE Runtime Environment (8.0_92-b14) (build 1.8.0_92-b14)
# Java VM: Java HotSpot(TM) 64-Bit Server VM (25.92-b14 mixed mode bsd-amd64 compressed oops)
# Problematic frame:
# V  [libjvm.dylib+0x448f78]
#
# Failed to write core dump. Core dumps have been disabled. To enable core dumping, try "ulimit -c unlimited" before starting Java again
#
# If you would like to submit a bug report, please visit:
#   http://bugreport.java.com/bugreport/crash.jsp
#

---------------  T H R E A D  ---------------

Current thread (0x00007fa564803800):  JavaThread "JDWP Transport Listener: dt_socket" daemon [_thread_in_vm, id=19203, stack(0x0000700004ba5000,0x0000700004ca5000)]

siginfo: si_signo: 11 (SIGSEGV), si_code: 0 (unknown), si_addr: 0x0000000000000000

Registers:
RAX=0x0000000000000001, RBX=0x0000700004ca4a8b, RCX=0x0000000102c1a360, RDX=0x0000700004ca4a8b
RSP=0x0000700004ca49d0, RBP=0x0000700004ca49e0, RSI=0x00007fa564803800, RDI=0xd00007fa560d1f38
R8 =0x0000000000000009, R9 =0x0000000000000000, R10=0x0000000000000001, R11=0x000000000000000a
R12=0x00007fa564803800, R13=0xd00007fa560d1f38, R14=0xd00007fa560d1f38, R15=0x00007fa560c0de60
RIP=0x0000000102848f78, EFLAGS=0x0000000000010282, ERR=0x0000000000000000
  TRAPNO=0x000000000000000d

Top of Stack: (sp=0x0000700004ca49d0)
0x0000700004ca49d0:   0000700004ca4a8b 0000700004ca4a8b
0x0000700004ca49e0:   0000700004ca4a40 0000000102757e66
0x0000700004ca49f0:   00007fa564803800 0000000000000000
0x0000700004ca4a00:   0000000000000000 0000000000000000
0x0000700004ca4a10:   00007fa564803800 00007fa564803800
0x0000700004ca4a20:   0000700004ca4a8b 0000700004ca4a90
0x0000700004ca4a30:   d00007fa560d1f38 0000000000000004
0x0000700004ca4a40:   0000700004ca4a60 0000000101291780
0x0000700004ca4a50:   0000000000000001 0000700004ca4b08
0x0000700004ca4a60:   0000700004ca4ad0 00000001012761f3
0x0000700004ca4a70:   0000700004ca4aa0 00007fa560d266e0
0x0000700004ca4a80:   0000000500000032 f000100a01ca4b08
0x0000700004ca4a90:   0000000000000000 0000000000000000
0x0000700004ca4aa0:   0000000000000000 0000700004ca4c90
0x0000700004ca4ab0:   0000000101298e7a 00007fa560d1f380
0x0000700004ca4ac0:   0000700004ca4b08 00000001012a4598
0x0000700004ca4ad0:   0000700004ca4ae0 00000001012762ec
0x0000700004ca4ae0:   0000700004ca4d00 000000010127f898
0x0000700004ca4af0:   00041da100000013 00000000000f0200
0x0000700004ca4b00:   00007fa560d262d0 00007fa560d2726f
0x0000700004ca4b10:   00007fa500000139 00007fa560d27130
0x0000700004ca4b20:   00007fa50000012c 0000700004ca4b58
0x0000700004ca4b30:   00007fa560d27130 0000000000000000
0x0000700004ca4b40:   00041da100000030 00007fa500001880
0x0000700004ca4b50:   0000700004ca4b58 a57f000005000000
0x0000700004ca4b60:   09000000607da162 74616c75636c6163
0x0000700004ca4b70:   6a4c284800000065 532f6f692f617661
0x0000700004ca4b80:   617a696c61697265 76616a4c3b656c62
0x0000700004ca4b90:   7265532f6f692f61 6c62617a696c6169
0x0000700004ca4ba0:   2f6d6f634c293b65 742f6f6761726570
0x0000700004ca4bb0:   2f74736574686365 0000003b66666944
0x0000700004ca4bc0:   616a4c3a3a543c42 65532f6f692f6176 

Instructions: (pc=0x0000000102848f78)
0x0000000102848f58:   40 48 48 85 c0 75 e0 30 c0 0f b6 c0 5d c3 31 c0
0x0000000102848f68:   5d c3 55 48 89 e5 53 48 83 ec 08 48 85 ff 74 24
0x0000000102848f78:   48 8b 1f 48 85 db 74 1c 48 83 fb 37 74 16 48 8b
0x0000000102848f88:   03 48 89 df ff 50 10 84 c0 b8 00 00 00 00 48 0f 

Register to memory mapping:

RAX=0x0000000000000001 is an unknown value
RBX=0x0000700004ca4a8b is pointing into the stack for thread: 0x00007fa564803800
RCX=0x0000000102c1a360: UseMembar+0 in /Library/Java/JavaVirtualMachines/jdk1.8.0_92.jdk/Contents/Home/jre/lib/server/libjvm.dylib at 0x0000000102400000
RDX=0x0000700004ca4a8b is pointing into the stack for thread: 0x00007fa564803800
RSP=0x0000700004ca49d0 is pointing into the stack for thread: 0x00007fa564803800
RBP=0x0000700004ca49e0 is pointing into the stack for thread: 0x00007fa564803800
RSI=0x00007fa564803800 is a thread
RDI=0xd00007fa560d1f38 is an unknown value
R8 =0x0000000000000009 is an unknown value
R9 =0x0000000000000000 is an unknown value
R10=0x0000000000000001 is an unknown value
R11=0x000000000000000a is an unknown value
R12=0x00007fa564803800 is a thread
R13=0xd00007fa560d1f38 is an unknown value
R14=0xd00007fa560d1f38 is an unknown value
R15=0x00007fa560c0de60 is an unknown value


Stack: [0x0000700004ba5000,0x0000700004ca5000],  sp=0x0000700004ca49d0,  free space=1022k
Native frames: (J=compiled Java code, j=interpreted, Vv=VM code, C=native code)
V  [libjvm.dylib+0x448f78]
V  [libjvm.dylib+0x357e66]
C  [libjdwp.dylib+0x20780]  isMethodSynthetic+0x63
C  [libjdwp.dylib+0x51f3]  methods1+0x10b
C  [libjdwp.dylib+0x52ec]  methodsWithGeneric+0xe
C  [libjdwp.dylib+0xe898]  debugLoop_run+0x1ce
C  [libjdwp.dylib+0x1f6ba]  attachThread+0x4d
V  [libjvm.dylib+0x3991cc]
V  [libjvm.dylib+0x564c57]
V  [libjvm.dylib+0x566344]
V  [libjvm.dylib+0x485bbe]
C  [libsystem_pthread.dylib+0x3abb]  _pthread_body+0xb4
C  [libsystem_pthread.dylib+0x3a07]  _pthread_body+0x0
C  [libsystem_pthread.dylib+0x3231]  thread_start+0xd
C  0x0000000000000000


---------------  P R O C E S S  ---------------

Java Threads: ( => current thread )
  0x00007fa565030000 JavaThread "Service Thread" daemon [_thread_blocked, id=22787, stack(0x00007000052ba000,0x00007000053ba000)]
  0x00007fa561032000 JavaThread "C1 CompilerThread3" daemon [_thread_blocked, id=22275, stack(0x00007000051b7000,0x00007000052b7000)]
  0x00007fa563020000 JavaThread "C2 CompilerThread2" daemon [_thread_blocked, id=21763, stack(0x00007000050b4000,0x00007000051b4000)]
  0x00007fa563835000 JavaThread "C2 CompilerThread1" daemon [_thread_blocked, id=21251, stack(0x0000700004fb1000,0x00007000050b1000)]
  0x00007fa56380e000 JavaThread "C2 CompilerThread0" daemon [_thread_blocked, id=20739, stack(0x0000700004eae000,0x0000700004fae000)]
  0x00007fa564805000 JavaThread "JDWP Command Reader" daemon [_thread_in_native, id=20227, stack(0x0000700004dab000,0x0000700004eab000)]
  0x00007fa564804000 JavaThread "JDWP Event Helper Thread" daemon [_thread_blocked, id=19715, stack(0x0000700004ca8000,0x0000700004da8000)]
=>0x00007fa564803800 JavaThread "JDWP Transport Listener: dt_socket" daemon [_thread_in_vm, id=19203, stack(0x0000700004ba5000,0x0000700004ca5000)]
  0x00007fa561826000 JavaThread "Signal Dispatcher" daemon [_thread_blocked, id=18691, stack(0x0000700004aa2000,0x0000700004ba2000)]
  0x00007fa56101f000 JavaThread "Finalizer" daemon [_thread_blocked, id=14339, stack(0x000070000491c000,0x0000700004a1c000)]
  0x00007fa56101c000 JavaThread "Reference Handler" daemon [_thread_blocked, id=13827, stack(0x0000700004819000,0x0000700004919000)]
  0x00007fa563003000 JavaThread "main" [_thread_blocked, id=6915, stack(0x0000700003dfb000,0x0000700003efb000)]

Other Threads:
  0x00007fa564000000 VMThread [stack: 0x0000700004716000,0x0000700004816000] [id=13315]
  0x00007fa562021800 WatcherThread [stack: 0x00007000053bd000,0x00007000054bd000] [id=23299]

VM state:not at safepoint (normal execution)

VM Mutex/Monitor currently owned by a thread: None

Heap:
 PSYoungGen      total 76288K, used 5243K [0x000000076ab00000, 0x0000000770000000, 0x00000007c0000000)
  eden space 65536K, 8% used [0x000000076ab00000,0x000000076b01efd0,0x000000076eb00000)
  from space 10752K, 0% used [0x000000076f580000,0x000000076f580000,0x0000000770000000)
  to   space 10752K, 0% used [0x000000076eb00000,0x000000076eb00000,0x000000076f580000)
 ParOldGen       total 175104K, used 0K [0x00000006c0000000, 0x00000006cab00000, 0x000000076ab00000)
  object space 175104K, 0% used [0x00000006c0000000,0x00000006c0000000,0x00000006cab00000)
 Metaspace       used 3685K, capacity 4750K, committed 4864K, reserved 1056768K
  class space    used 409K, capacity 495K, committed 512K, reserved 1048576K

Card table byte_map: [0x0000000112ae0000,0x00000001132e1000] byte_map_base: 0x000000010f4e0000

Marking Bits: (ParMarkBitMap*) 0x0000000102ce8bd0
 Begin Bits: [0x0000000113837000, 0x0000000117837000)
 End Bits:   [0x0000000117837000, 0x000000011b837000)

Polling page: 0x0000000101270000

CodeCache: size=245760Kb used=1457Kb max_used=1464Kb free=244302Kb
 bounds [0x0000000103ae0000, 0x0000000103d50000, 0x0000000112ae0000]
 total_blobs=455 nmethods=210 adapters=167
 compilation: enabled

Compilation events (10 events):
Event: 1.885 Thread 0x00007fa561032000 nmethod 192 0x0000000103c4a5d0 code [0x0000000103c4a720, 0x0000000103c4a830]
Event: 1.887 Thread 0x00007fa561032000  207       3       jdk.internal.org.objectweb.asm.ByteVector::<init> (13 bytes)
Event: 1.887 Thread 0x00007fa561032000 nmethod 207 0x0000000103c4a890 code [0x0000000103c4aa00, 0x0000000103c4ac50]
Event: 1.887 Thread 0x00007fa563020000 nmethod 204 0x0000000103c4dc50 code [0x0000000103c4ddc0, 0x0000000103c4e0f8]
Event: 1.887 Thread 0x00007fa561032000  208       3       jdk.internal.org.objectweb.asm.ByteVector::putByteArray (49 bytes)
Event: 1.888 Thread 0x00007fa561032000 nmethod 208 0x0000000103c4d690 code [0x0000000103c4d820, 0x0000000103c4db58]
Event: 1.888 Thread 0x00007fa561032000  209       3       sun.reflect.misc.ReflectUtil::isVMAnonymousClass (19 bytes)
Event: 1.888 Thread 0x00007fa561032000 nmethod 209 0x0000000103c4cd10 code [0x0000000103c4cec0, 0x0000000103c4d418]
Event: 1.888 Thread 0x00007fa561032000  210       3       jdk.internal.org.objectweb.asm.ByteVector::putInt (74 bytes)
Event: 1.888 Thread 0x00007fa561032000 nmethod 210 0x0000000103c4c750 code [0x0000000103c4c8c0, 0x0000000103c4cb68]

GC Heap History (0 events):
No events

Deoptimization events (0 events):
No events

Internal exceptions (4 events):
Event: 0.039 Thread 0x00007fa563003000 Exception <a 'java/lang/NoSuchMethodError': Method sun.misc.Unsafe.defineClass(Ljava/lang/String;[BII)Ljava/lang/Class; name or signature does not match> (0x000000076ab07cc0) thrown at [/Users/java_re/workspace/8-2-build-macosx-x86_64/jdk8u92/6642/hotspot
Event: 0.040 Thread 0x00007fa563003000 Exception <a 'java/lang/NoSuchMethodError': Method sun.misc.Unsafe.prefetchRead(Ljava/lang/Object;J)V name or signature does not match> (0x000000076ab07fa8) thrown at [/Users/java_re/workspace/8-2-build-macosx-x86_64/jdk8u92/6642/hotspot/src/share/vm/prim
Event: 1.871 Thread 0x00007fa563003000 Exception <a 'java/lang/NoSuchFieldError': method resolution failed> (0x000000076af201b8) thrown at [/Users/java_re/workspace/8-2-build-macosx-x86_64/jdk8u92/6642/hotspot/src/share/vm/prims/methodHandles.cpp, line 1146]
Event: 1.872 Thread 0x00007fa563003000 Exception <a 'java/lang/NoSuchFieldError': method resolution failed> (0x000000076af2d5b8) thrown at [/Users/java_re/workspace/8-2-build-macosx-x86_64/jdk8u92/6642/hotspot/src/share/vm/prims/methodHandles.cpp, line 1146]

Events (10 events):
Event: 1217.378 Executing VM operation: GetOrSetLocal
Event: 1217.379 Executing VM operation: GetOrSetLocal done
Event: 1217.379 Executing VM operation: GetOrSetLocal
Event: 1217.379 Executing VM operation: GetOrSetLocal done
Event: 1458.711 Executing VM operation: ChangeBreakpoints
Event: 1458.712 Executing VM operation: ChangeBreakpoints done
Event: 1458.712 Executing VM operation: ChangeBreakpoints
Event: 1458.712 Executing VM operation: ChangeBreakpoints done
Event: 1458.715 Executing VM operation: RedefineClasses
Event: 1458.717 Executing VM operation: RedefineClasses done


Dynamic libraries:
0x000000002f5f4000 	/System/Library/Frameworks/Cocoa.framework/Versions/A/Cocoa
0x000000002f5f4000 	/System/Library/Frameworks/Security.framework/Versions/A/Security
0x000000002f5f4000 	/System/Library/Frameworks/ApplicationServices.framework/Versions/A/ApplicationServices
0x000000002f5f4000 	/usr/lib/libz.1.dylib
0x000000002f5f4000 	/usr/lib/libSystem.B.dylib
0x000000002f5f4000 	/usr/lib/libobjc.A.dylib
0x000000002f5f4000 	/System/Library/Frameworks/CoreFoundation.framework/Versions/A/CoreFoundation
0x000000002f5f4000 	/System/Library/Frameworks/Foundation.framework/Versions/C/Foundation
0x000000002f5f4000 	/System/Library/Frameworks/AppKit.framework/Versions/C/AppKit
0x000000002f5f4000 	/System/Library/Frameworks/CoreData.framework/Versions/A/CoreData
0x000000002f5f4000 	/System/Library/PrivateFrameworks/RemoteViewServices.framework/Versions/A/RemoteViewServices
0x000000002f5f4000 	/System/Library/PrivateFrameworks/UIFoundation.framework/Versions/A/UIFoundation
0x000000002f5f4000 	/usr/lib/libenergytrace.dylib
0x000000002f5f4000 	/System/Library/PrivateFrameworks/SkyLight.framework/Versions/A/SkyLight
0x000000002f5f4000 	/System/Library/Frameworks/CoreGraphics.framework/Versions/A/CoreGraphics
0x000000002f5f4000 	/usr/lib/libScreenReader.dylib
0x000000002f5f4000 	/System/Library/Frameworks/Accelerate.framework/Versions/A/Accelerate
0x000000002f5f4000 	/System/Library/Frameworks/IOSurface.framework/Versions/A/IOSurface
0x000000002f5f4000 	/System/Library/Frameworks/AudioToolbox.framework/Versions/A/AudioToolbox
0x000000002f5f4000 	/System/Library/Frameworks/AudioUnit.framework/Versions/A/AudioUnit
0x000000002f5f4000 	/System/Library/PrivateFrameworks/DataDetectorsCore.framework/Versions/A/DataDetectorsCore
0x000000002f5f4000 	/System/Library/PrivateFrameworks/DesktopServicesPriv.framework/Versions/A/DesktopServicesPriv
0x000000002f5f4000 	/System/Library/Frameworks/Carbon.framework/Versions/A/Frameworks/HIToolbox.framework/Versions/A/HIToolbox
0x000000002f5f4000 	/usr/lib/libicucore.A.dylib
0x000000002f5f4000 	/System/Library/Frameworks/QuartzCore.framework/Versions/A/QuartzCore
0x000000002f5f4000 	/System/Library/Frameworks/Carbon.framework/Versions/A/Frameworks/SpeechRecognition.framework/Versions/A/SpeechRecognition
0x000000002f5f4000 	/usr/lib/libauto.dylib
0x000000002f5f4000 	/usr/lib/libxml2.2.dylib
0x000000002f5f4000 	/System/Library/PrivateFrameworks/CoreUI.framework/Versions/A/CoreUI
0x000000002f5f4000 	/System/Library/Frameworks/CoreAudio.framework/Versions/A/CoreAudio
0x000000002f5f4000 	/System/Library/Frameworks/DiskArbitration.framework/Versions/A/DiskArbitration
0x000000002f5f4000 	/usr/lib/liblangid.dylib
0x000000002f5f4000 	/System/Library/PrivateFrameworks/MultitouchSupport.framework/Versions/A/MultitouchSupport
0x000000002f5f4000 	/System/Library/Frameworks/IOKit.framework/Versions/A/IOKit
0x000000002f5f4000 	/usr/lib/libDiagnosticMessagesClient.dylib
0x000000002f5f4000 	/System/Library/Frameworks/CoreServices.framework/Versions/A/CoreServices
0x000000002f5f4000 	/System/Library/PrivateFrameworks/PerformanceAnalysis.framework/Versions/A/PerformanceAnalysis
0x000000002f5f4000 	/System/Library/PrivateFrameworks/GenerationalStorage.framework/Versions/A/GenerationalStorage
0x000000002f5f4000 	/System/Library/Frameworks/OpenGL.framework/Versions/A/OpenGL
0x000000002f5f4000 	/System/Library/Frameworks/CoreImage.framework/Versions/A/CoreImage
0x000000002f5f4000 	/System/Library/Frameworks/CoreText.framework/Versions/A/CoreText
0x000000002f5f4000 	/System/Library/Frameworks/ImageIO.framework/Versions/A/ImageIO
0x000000002f5f4000 	/System/Library/PrivateFrameworks/Backup.framework/Versions/A/Backup
0x000000002f5f4000 	/usr/lib/libarchive.2.dylib
0x000000002f5f4000 	/System/Library/Frameworks/CFNetwork.framework/Versions/A/CFNetwork
0x000000002f5f4000 	/System/Library/Frameworks/SystemConfiguration.framework/Versions/A/SystemConfiguration
0x000000002f5f4000 	/usr/lib/libCRFSuite.dylib
0x000000002f5f4000 	/usr/lib/libc++.1.dylib
0x000000002f5f4000 	/usr/lib/libc++abi.dylib
0x000000002f5f4000 	/usr/lib/system/libcache.dylib
0x000000002f5f4000 	/usr/lib/system/libcommonCrypto.dylib
0x000000002f5f4000 	/usr/lib/system/libcompiler_rt.dylib
0x000000002f5f4000 	/usr/lib/system/libcopyfile.dylib
0x000000002f5f4000 	/usr/lib/system/libcorecrypto.dylib
0x000000002f5f4000 	/usr/lib/system/libdispatch.dylib
0x000000002f5f4000 	/usr/lib/system/libdyld.dylib
0x000000002f5f4000 	/usr/lib/system/libkeymgr.dylib
0x000000002f5f4000 	/usr/lib/system/liblaunch.dylib
0x000000002f5f4000 	/usr/lib/system/libmacho.dylib
0x000000002f5f4000 	/usr/lib/system/libquarantine.dylib
0x000000002f5f4000 	/usr/lib/system/libremovefile.dylib
0x000000002f5f4000 	/usr/lib/system/libsystem_asl.dylib
0x000000002f5f4000 	/usr/lib/system/libsystem_blocks.dylib
0x000000002f5f4000 	/usr/lib/system/libsystem_c.dylib
0x000000002f5f4000 	/usr/lib/system/libsystem_configuration.dylib
0x000000002f5f4000 	/usr/lib/system/libsystem_coreservices.dylib
0x000000002f5f4000 	/usr/lib/system/libsystem_coretls.dylib
0x000000002f5f4000 	/usr/lib/system/libsystem_dnssd.dylib
0x000000002f5f4000 	/usr/lib/system/libsystem_info.dylib
0x000000002f5f4000 	/usr/lib/system/libsystem_kernel.dylib
0x000000002f5f4000 	/usr/lib/system/libsystem_m.dylib
0x000000002f5f4000 	/usr/lib/system/libsystem_malloc.dylib
0x000000002f5f4000 	/usr/lib/system/libsystem_network.dylib
0x000000002f5f4000 	/usr/lib/system/libsystem_networkextension.dylib
0x000000002f5f4000 	/usr/lib/system/libsystem_notify.dylib
0x000000002f5f4000 	/usr/lib/system/libsystem_platform.dylib
0x000000002f5f4000 	/usr/lib/system/libsystem_pthread.dylib
0x000000002f5f4000 	/usr/lib/system/libsystem_sandbox.dylib
0x000000002f5f4000 	/usr/lib/system/libsystem_secinit.dylib
0x000000002f5f4000 	/usr/lib/system/libsystem_symptoms.dylib
0x000000002f5f4000 	/usr/lib/system/libsystem_trace.dylib
0x000000002f5f4000 	/usr/lib/system/libunwind.dylib
0x000000002f5f4000 	/usr/lib/system/libxpc.dylib
0x000000002f5f4000 	/usr/lib/libbsm.0.dylib
0x000000002f5f4000 	/usr/lib/system/libkxld.dylib
0x000000002f5f4000 	/usr/lib/libcoretls.dylib
0x000000002f5f4000 	/usr/lib/libcoretls_cfhelpers.dylib
0x000000002f5f4000 	/usr/lib/libxar.1.dylib
0x000000002f5f4000 	/usr/lib/libsqlite3.dylib
0x000000002f5f4000 	/usr/lib/libpam.2.dylib
0x000000002f5f4000 	/usr/lib/libOpenScriptingUtil.dylib
0x000000002f5f4000 	/usr/lib/libbz2.1.0.dylib
0x000000002f5f4000 	/usr/lib/liblzma.5.dylib
0x000000002f5f4000 	/usr/lib/libnetwork.dylib
0x000000002f5f4000 	/usr/lib/libpcap.A.dylib
0x000000002f5f4000 	/System/Library/Frameworks/CoreServices.framework/Versions/A/Frameworks/FSEvents.framework/Versions/A/FSEvents
0x000000002f5f4000 	/System/Library/Frameworks/CoreServices.framework/Versions/A/Frameworks/CarbonCore.framework/Versions/A/CarbonCore
0x000000002f5f4000 	/System/Library/Frameworks/CoreServices.framework/Versions/A/Frameworks/Metadata.framework/Versions/A/Metadata
0x000000002f5f4000 	/System/Library/Frameworks/CoreServices.framework/Versions/A/Frameworks/OSServices.framework/Versions/A/OSServices
0x000000002f5f4000 	/System/Library/Frameworks/CoreServices.framework/Versions/A/Frameworks/SearchKit.framework/Versions/A/SearchKit
0x000000002f5f4000 	/System/Library/Frameworks/CoreServices.framework/Versions/A/Frameworks/AE.framework/Versions/A/AE
0x000000002f5f4000 	/System/Library/Frameworks/CoreServices.framework/Versions/A/Frameworks/LaunchServices.framework/Versions/A/LaunchServices
0x000000002f5f4000 	/System/Library/Frameworks/CoreServices.framework/Versions/A/Frameworks/DictionaryServices.framework/Versions/A/DictionaryServices
0x000000002f5f4000 	/System/Library/Frameworks/CoreServices.framework/Versions/A/Frameworks/SharedFileList.framework/Versions/A/SharedFileList
0x000000002f5f4000 	/System/Library/Frameworks/NetFS.framework/Versions/A/NetFS
0x000000002f5f4000 	/System/Library/PrivateFrameworks/NetAuth.framework/Versions/A/NetAuth
0x000000002f5f4000 	/System/Library/PrivateFrameworks/login.framework/Versions/A/Frameworks/loginsupport.framework/Versions/A/loginsupport
0x000000002f5f4000 	/System/Library/PrivateFrameworks/TCC.framework/Versions/A/TCC
0x000000002f5f4000 	/usr/lib/libmecabra.dylib
0x000000002f5f4000 	/System/Library/Frameworks/ApplicationServices.framework/Versions/A/Frameworks/ATS.framework/Versions/A/ATS
0x000000002f5f4000 	/System/Library/Frameworks/ApplicationServices.framework/Versions/A/Frameworks/ColorSync.framework/Versions/A/ColorSync
0x000000002f5f4000 	/System/Library/Frameworks/ApplicationServices.framework/Versions/A/Frameworks/HIServices.framework/Versions/A/HIServices
0x000000002f5f4000 	/System/Library/Frameworks/ApplicationServices.framework/Versions/A/Frameworks/LangAnalysis.framework/Versions/A/LangAnalysis
0x000000002f5f4000 	/System/Library/Frameworks/ApplicationServices.framework/Versions/A/Frameworks/PrintCore.framework/Versions/A/PrintCore
0x000000002f5f4000 	/System/Library/Frameworks/ApplicationServices.framework/Versions/A/Frameworks/QD.framework/Versions/A/QD
0x000000002f5f4000 	/System/Library/Frameworks/ApplicationServices.framework/Versions/A/Frameworks/SpeechSynthesis.framework/Versions/A/SpeechSynthesis
0x000000002f5f4000 	/System/Library/Frameworks/Accelerate.framework/Versions/A/Frameworks/vImage.framework/Versions/A/vImage
0x000000002f5f4000 	/System/Library/Frameworks/Accelerate.framework/Versions/A/Frameworks/vecLib.framework/Versions/A/vecLib
0x000000002f5f4000 	/System/Library/Frameworks/Accelerate.framework/Versions/A/Frameworks/vecLib.framework/Versions/A/libvDSP.dylib
0x000000002f5f4000 	/System/Library/Frameworks/Accelerate.framework/Versions/A/Frameworks/vecLib.framework/Versions/A/libBNNS.dylib
0x000000002f5f4000 	/System/Library/Frameworks/Accelerate.framework/Versions/A/Frameworks/vecLib.framework/Versions/A/libQuadrature.dylib
0x000000002f5f4000 	/System/Library/Frameworks/Accelerate.framework/Versions/A/Frameworks/vecLib.framework/Versions/A/libvMisc.dylib
0x000000002f5f4000 	/System/Library/Frameworks/Accelerate.framework/Versions/A/Frameworks/vecLib.framework/Versions/A/libLAPACK.dylib
0x000000002f5f4000 	/System/Library/Frameworks/Accelerate.framework/Versions/A/Frameworks/vecLib.framework/Versions/A/libBLAS.dylib
0x000000002f5f4000 	/System/Library/Frameworks/Accelerate.framework/Versions/A/Frameworks/vecLib.framework/Versions/A/libLinearAlgebra.dylib
0x000000002f5f4000 	/System/Library/Frameworks/Accelerate.framework/Versions/A/Frameworks/vecLib.framework/Versions/A/libSparseBLAS.dylib
0x000000002f5f4000 	/System/Library/Frameworks/ApplicationServices.framework/Versions/A/Frameworks/ATS.framework/Versions/A/Resources/libFontParser.dylib
0x000000002f5f4000 	/System/Library/Frameworks/ApplicationServices.framework/Versions/A/Frameworks/ATS.framework/Versions/A/Resources/libFontRegistry.dylib
0x000000002f5f4000 	/System/Library/Frameworks/ImageIO.framework/Versions/A/Resources/libJPEG.dylib
0x000000002f5f4000 	/System/Library/Frameworks/ImageIO.framework/Versions/A/Resources/libTIFF.dylib
0x000000002f5f4000 	/System/Library/Frameworks/ImageIO.framework/Versions/A/Resources/libPng.dylib
0x000000002f5f4000 	/System/Library/Frameworks/ImageIO.framework/Versions/A/Resources/libGIF.dylib
0x000000002f5f4000 	/System/Library/Frameworks/ImageIO.framework/Versions/A/Resources/libJP2.dylib
0x000000002f5f4000 	/System/Library/Frameworks/ImageIO.framework/Versions/A/Resources/libRadiance.dylib
0x000000002f5f4000 	/usr/lib/libcompression.dylib
0x000000002f5f4000 	/System/Library/PrivateFrameworks/AppleJPEG.framework/Versions/A/AppleJPEG
0x000000002f5f4000 	/usr/lib/libcups.2.dylib
0x000000002f5f4000 	/System/Library/Frameworks/Kerberos.framework/Versions/A/Kerberos
0x000000002f5f4000 	/System/Library/Frameworks/GSS.framework/Versions/A/GSS
0x000000002f5f4000 	/usr/lib/libresolv.9.dylib
0x000000002f5f4000 	/usr/lib/libiconv.2.dylib
0x000000002f5f4000 	/System/Library/PrivateFrameworks/Heimdal.framework/Versions/A/Heimdal
0x000000002f5f4000 	/usr/lib/libheimdal-asn1.dylib
0x000000002f5f4000 	/System/Library/Frameworks/OpenDirectory.framework/Versions/A/OpenDirectory
0x000000002f5f4000 	/System/Library/PrivateFrameworks/CommonAuth.framework/Versions/A/CommonAuth
0x000000002f5f4000 	/System/Library/Frameworks/OpenDirectory.framework/Versions/A/Frameworks/CFOpenDirectory.framework/Versions/A/CFOpenDirectory
0x000000002f5f4000 	/System/Library/Frameworks/SecurityFoundation.framework/Versions/A/SecurityFoundation
0x000000002f5f4000 	/System/Library/PrivateFrameworks/LanguageModeling.framework/Versions/A/LanguageModeling
0x000000002f5f4000 	/usr/lib/libmarisa.dylib
0x000000002f5f4000 	/usr/lib/libChineseTokenizer.dylib
0x000000002f5f4000 	/usr/lib/libcmph.dylib
0x000000002f5f4000 	/System/Library/PrivateFrameworks/CoreEmoji.framework/Versions/A/CoreEmoji
0x000000002f5f4000 	/System/Library/Frameworks/ServiceManagement.framework/Versions/A/ServiceManagement
0x000000002f5f4000 	/usr/lib/libxslt.1.dylib
0x000000002f5f4000 	/System/Library/Frameworks/Carbon.framework/Versions/A/Frameworks/Ink.framework/Versions/A/Ink
0x000000002f5f4000 	/System/Library/PrivateFrameworks/TextureIO.framework/Versions/A/TextureIO
0x000000002f5f4000 	/System/Library/Frameworks/Metal.framework/Versions/A/Metal
0x000000002f5f4000 	/usr/lib/libate.dylib
0x000000002f5f4000 	/System/Library/PrivateFrameworks/GPUCompiler.framework/libmetal_timestamp.dylib
0x000000002f5f4000 	/System/Library/Frameworks/OpenGL.framework/Versions/A/Libraries/libCoreFSCache.dylib
0x000000002f5f4000 	/System/Library/PrivateFrameworks/IOAccelerator.framework/Versions/A/IOAccelerator
0x000000002f5f4000 	/System/Library/Frameworks/CoreVideo.framework/Versions/A/CoreVideo
0x000000002f5f4000 	/usr/lib/libFosl_dynamic.dylib
0x000000002f5f4000 	/System/Library/PrivateFrameworks/MetalPerformanceShaders.framework/Versions/A/MetalPerformanceShaders
0x000000002f5f4000 	/System/Library/PrivateFrameworks/FaceCore.framework/Versions/A/FaceCore
0x000000002f5f4000 	/System/Library/Frameworks/OpenCL.framework/Versions/A/OpenCL
0x000000002f5f4000 	/System/Library/Frameworks/OpenGL.framework/Versions/A/Libraries/libGLU.dylib
0x000000002f5f4000 	/System/Library/Frameworks/OpenGL.framework/Versions/A/Libraries/libGFXShared.dylib
0x000000002f5f4000 	/System/Library/Frameworks/OpenGL.framework/Versions/A/Libraries/libGL.dylib
0x000000002f5f4000 	/System/Library/Frameworks/OpenGL.framework/Versions/A/Libraries/libGLImage.dylib
0x000000002f5f4000 	/System/Library/Frameworks/OpenGL.framework/Versions/A/Libraries/libCVMSPluginSupport.dylib
0x000000002f5f4000 	/System/Library/Frameworks/OpenGL.framework/Versions/A/Libraries/libCoreVMClient.dylib
0x000000002f5f4000 	/System/Library/PrivateFrameworks/CrashReporterSupport.framework/Versions/A/CrashReporterSupport
0x000000002f5f4000 	/System/Library/PrivateFrameworks/Sharing.framework/Versions/A/Sharing
0x000000002f5f4000 	/System/Library/PrivateFrameworks/IconServices.framework/Versions/A/IconServices
0x000000002f5f4000 	/System/Library/PrivateFrameworks/ProtocolBuffer.framework/Versions/A/ProtocolBuffer
0x000000002f5f4000 	/System/Library/PrivateFrameworks/Apple80211.framework/Versions/A/Apple80211
0x000000002f5f4000 	/System/Library/Frameworks/CoreWLAN.framework/Versions/A/CoreWLAN
0x000000002f5f4000 	/System/Library/PrivateFrameworks/CoreUtils.framework/Versions/A/CoreUtils
0x000000002f5f4000 	/System/Library/Frameworks/IOBluetooth.framework/Versions/A/IOBluetooth
0x000000002f5f4000 	/System/Library/PrivateFrameworks/CoreWiFi.framework/Versions/A/CoreWiFi
0x000000002f5f4000 	/System/Library/Frameworks/CoreBluetooth.framework/Versions/A/CoreBluetooth
0x000000002f5f4000 	/System/Library/Frameworks/CoreDisplay.framework/Versions/A/CoreDisplay
0x000000002f5f4000 	/System/Library/PrivateFrameworks/IOPresentment.framework/Versions/A/IOPresentment
0x000000002f5f4000 	/System/Library/PrivateFrameworks/DebugSymbols.framework/Versions/A/DebugSymbols
0x000000002f5f4000 	/System/Library/PrivateFrameworks/CoreSymbolication.framework/Versions/A/CoreSymbolication
0x000000002f5f4000 	/System/Library/PrivateFrameworks/Symbolication.framework/Versions/A/Symbolication
0x000000002f5f4000 	/System/Library/PrivateFrameworks/AppleFSCompression.framework/Versions/A/AppleFSCompression
0x000000002f5f4000 	/System/Library/PrivateFrameworks/SpeechRecognitionCore.framework/Versions/A/SpeechRecognitionCore
0x000000002f5f4000 	/System/Library/PrivateFrameworks/ChunkingLibrary.framework/Versions/A/ChunkingLibrary
0x0000000102400000 	/Library/Java/JavaVirtualMachines/jdk1.8.0_92.jdk/Contents/Home/jre/lib/server/libjvm.dylib
0x000000002f5f4000 	/usr/lib/libstdc++.6.dylib
0x000000010122d000 	/Library/Java/JavaVirtualMachines/jdk1.8.0_92.jdk/Contents/Home/jre/lib/libverify.dylib
0x000000010123b000 	/Library/Java/JavaVirtualMachines/jdk1.8.0_92.jdk/Contents/Home/jre/lib/libjava.dylib
0x0000000101271000 	/Library/Java/JavaVirtualMachines/jdk1.8.0_92.jdk/Contents/Home/jre/lib/libjdwp.dylib
0x00000001012bc000 	/Library/Java/JavaVirtualMachines/jdk1.8.0_92.jdk/Contents/Home/jre/lib/libnpt.dylib
0x00000001012c9000 	/Library/Java/JavaVirtualMachines/jdk1.8.0_92.jdk/Contents/Home/jre/lib/libzip.dylib
0x000000011e3b7000 	/System/Library/Frameworks/JavaVM.framework/Frameworks/JavaRuntimeSupport.framework/JavaRuntimeSupport
0x000000011e3d1000 	/System/Library/Frameworks/JavaVM.framework/Versions/A/Frameworks/JavaNativeFoundation.framework/Versions/A/JavaNativeFoundation
0x000000011e3e6000 	/System/Library/Frameworks/JavaVM.framework/Versions/A/JavaVM
0x000000002f5f4000 	/System/Library/Frameworks/Carbon.framework/Versions/A/Carbon
0x000000011e3f3000 	/System/Library/PrivateFrameworks/JavaLaunching.framework/Versions/A/JavaLaunching
0x000000002f5f4000 	/System/Library/Frameworks/Carbon.framework/Versions/A/Frameworks/CommonPanels.framework/Versions/A/CommonPanels
0x000000002f5f4000 	/System/Library/Frameworks/Carbon.framework/Versions/A/Frameworks/Help.framework/Versions/A/Help
0x000000002f5f4000 	/System/Library/Frameworks/Carbon.framework/Versions/A/Frameworks/ImageCapture.framework/Versions/A/ImageCapture
0x000000002f5f4000 	/System/Library/Frameworks/Carbon.framework/Versions/A/Frameworks/OpenScripting.framework/Versions/A/OpenScripting
0x000000002f5f4000 	/System/Library/Frameworks/Carbon.framework/Versions/A/Frameworks/Print.framework/Versions/A/Print
0x000000002f5f4000 	/System/Library/Frameworks/Carbon.framework/Versions/A/Frameworks/SecurityHI.framework/Versions/A/SecurityHI
0x000000011fcf5000 	/Library/Java/JavaVirtualMachines/jdk1.8.0_92.jdk/Contents/Home/jre/lib/libdt_socket.dylib

VM Arguments:
jvm_args: -agentlib:jdwp=transport=dt_socket,address=127.0.0.1:53809,suspend=y,server=n -Dfile.encoding=UTF-8 
java_command: com.perago.techtest.test.TestDifff
java_class_path (initial): /Library/Java/JavaVirtualMachines/jdk1.8.0_92.jdk/Contents/Home/jre/lib/charsets.jar:/Library/Java/JavaVirtualMachines/jdk1.8.0_92.jdk/Contents/Home/jre/lib/deploy.jar:/Library/Java/JavaVirtualMachines/jdk1.8.0_92.jdk/Contents/Home/jre/lib/ext/cldrdata.jar:/Library/Java/JavaVirtualMachines/jdk1.8.0_92.jdk/Contents/Home/jre/lib/ext/dnsns.jar:/Library/Java/JavaVirtualMachines/jdk1.8.0_92.jdk/Contents/Home/jre/lib/ext/jaccess.jar:/Library/Java/JavaVirtualMachines/jdk1.8.0_92.jdk/Contents/Home/jre/lib/ext/jfxrt.jar:/Library/Java/JavaVirtualMachines/jdk1.8.0_92.jdk/Contents/Home/jre/lib/ext/localedata.jar:/Library/Java/JavaVirtualMachines/jdk1.8.0_92.jdk/Contents/Home/jre/lib/ext/nashorn.jar:/Library/Java/JavaVirtualMachines/jdk1.8.0_92.jdk/Contents/Home/jre/lib/ext/sunec.jar:/Library/Java/JavaVirtualMachines/jdk1.8.0_92.jdk/Contents/Home/jre/lib/ext/sunjce_provider.jar:/Library/Java/JavaVirtualMachines/jdk1.8.0_92.jdk/Contents/Home/jre/lib/ext/sunpkcs11.jar:/Library/Java/JavaVirtualMachines/jdk1.8.0_92.jdk/Contents/Home/jre/lib/ext/zipfs.jar:/Library/Java/JavaVirtualMachines/jdk1.8.0_92.jdk/Contents/Home/jre/lib/javaws.jar:/Library/Java/JavaVirtualMachines/jdk1.8.0_92.jdk/Contents/Home/jre/lib/jce.jar:/Library/Java/JavaVirtualMachines/jdk1.8.0_92.jdk/Contents/Home/jre/lib/jfr.jar:/Library/Java/JavaVirtualMachines/jdk1.8.0_92.jdk/Contents/Home/jre/lib/jfxswt.jar:/Library/Java/JavaVirtualMachines/jdk1.8.0_92.jdk/Contents/Home/jre/lib/jsse.jar:/Library/Java/JavaVirtualMachines/jdk1.8.0_92.jdk/Contents/Home/jre/lib/management-agent.jar:/Library/Java/JavaVirtualMachines/jdk1.8.0_92.jdk/Contents/Home/jre/lib/plugin.jar:/Library/Java/JavaVirtualMachines/jdk1.8.0_92.jdk/Contents/Home/jre/lib/resources.jar:/Library/Java/JavaVirtualMachines/jdk1.8.0_92.jdk/Contents/Home/jre/lib/rt.jar:/Library/Java/JavaVirtualMachines/jdk1.8.0_92.jdk/Contents/Home/lib/ant-javafx.jar:/Library/Java/JavaVirtualMachines/jdk1.8.0_92.jdk/Contents/Home/lib/dt.jar:/Library/Ja
Launcher Type: SUN_STANDARD

Environment Variables:
PATH=/Users/tshepo/.nvm/versions/node/v6.0.0/bin:/usr/local/bin:/usr/bin:/bin:/usr/sbin:/sbin:/opt/X11/bin:/Library/Frameworks/Mono.framework/Versions/Current/Commands
SHELL=/bin/zsh
DISPLAY=/private/tmp/com.apple.launchd.fyTdKy3oAO/org.macosforge.xquartz:0

Signal Handlers:
SIGSEGV: [libjvm.dylib+0x5aa779], sa_mask[0]=11111111011111110111111111111111, sa_flags=SA_ONSTACK|SA_RESTART|SA_SIGINFO
SIGBUS: [libjvm.dylib+0x5aa779], sa_mask[0]=11111111011111110111111111111111, sa_flags=SA_RESTART|SA_SIGINFO
SIGFPE: [libjvm.dylib+0x4831d0], sa_mask[0]=11111111011111110111111111111111, sa_flags=SA_RESTART|SA_SIGINFO
SIGPIPE: [libjvm.dylib+0x4831d0], sa_mask[0]=11111111011111110111111111111111, sa_flags=SA_RESTART|SA_SIGINFO
SIGXFSZ: [libjvm.dylib+0x4831d0], sa_mask[0]=11111111011111110111111111111111, sa_flags=SA_RESTART|SA_SIGINFO
SIGILL: [libjvm.dylib+0x4831d0], sa_mask[0]=11111111011111110111111111111111, sa_flags=SA_RESTART|SA_SIGINFO
SIGUSR1: SIG_DFL, sa_mask[0]=00000000000000000000000000000000, sa_flags=none
SIGUSR2: [libjvm.dylib+0x482cee], sa_mask[0]=00100000000000000000000000000000, sa_flags=SA_RESTART|SA_SIGINFO
SIGHUP: [libjvm.dylib+0x4812c5], sa_mask[0]=11111111011111110111111111111111, sa_flags=SA_RESTART|SA_SIGINFO
SIGINT: [libjvm.dylib+0x4812c5], sa_mask[0]=11111111011111110111111111111111, sa_flags=SA_RESTART|SA_SIGINFO
SIGTERM: [libjvm.dylib+0x4812c5], sa_mask[0]=11111111011111110111111111111111, sa_flags=SA_RESTART|SA_SIGINFO
SIGQUIT: [libjvm.dylib+0x4812c5], sa_mask[0]=11111111011111110111111111111111, sa_flags=SA_RESTART|SA_SIGINFO


---------------  S Y S T E M  ---------------

OS:Bsduname:Darwin 16.0.0 Darwin Kernel Version 16.0.0: Mon Aug 29 17:56:20 PDT 2016; root:xnu-3789.1.32~3/RELEASE_X86_64 x86_64
rlimit: STACK 8192k, CORE 0k, NPROC 709, NOFILE 10240, AS infinity
load average:4.01 3.86 3.65

CPU:total 8 (4 cores per cpu, 2 threads per core) family 6 model 70 stepping 1, cmov, cx8, fxsr, mmx, sse, sse2, sse3, ssse3, sse4.1, sse4.2, popcnt, avx, avx2, aes, clmul, erms, lzcnt, ht, tsc, tscinvbit, bmi1, bmi2

Memory: 4k page, physical 16777216k(268672k free)

/proc/meminfo:


vm_info: Java HotSpot(TM) 64-Bit Server VM (25.92-b14) for bsd-amd64 JRE (1.8.0_92-b14), built on Mar 31 2016 21:23:14 by "java_re" with gcc 4.2.1 (Based on Apple Inc. build 5658) (LLVM build 2336.11.00)

time: Sun Nov 13 17:42:48 2016
elapsed time: 1458 seconds (0d 0h 24m 18s)

